01001 01001 01001 A+ A+ A+
01001 01010 01011 A+ B+ AB+
01001 01011 01001 A+ AB+ A+
01001 01011 01011 A+ AB+ AB+
01001 01100 01101 A+ O+ A+
01001 01101 01001 A+ A+ A+
01001 01101 01101 A+ A+ A+
01001 01110 01011 A+ B+ AB+
01001 01110 01101 A+ B+ A+
01001 10001 11001 A+ A- A+
01001 10010 11011 A+ B- AB+
01001 10011 11001 A+ AB- A+
01001 10011 11011 A+ AB- AB+
01001 10100 11101 A+ O- A+
01001 10101 11001 A+ A- A+
01001 10101 11101 A+ A- A+
01001 10110 11011 A+ B- AB+
01001 10110 11101 A+ B- A+
01001 11001 01001 A+ A+ A+
01001 11001 11001 A+ A+ A+
01001 11010 01011 A+ B+ AB+
01001 11010 11011 A+ B+ AB+
01001 11011 01001 A+ AB+ A+
01001 11011 01011 A+ AB+ AB+
01001 11011 11001 A+ AB+ A+
01001 11011 11011 A+ AB+ AB+
01001 11100 01101 A+ O+ A+
01001 11100 11101 A+ O+ A+
01001 11101 01001 A+ A+ A+
01001 11101 01101 A+ A+ A+
01001 11101 11001 A+ A+ A+
01001 11101 11101 A+ A+ A+
01001 11110 01011 A+ B+ AB+
01001 11110 01101 A+ B+ A+
01001 11110 11011 A+ B+ AB+
01001 11110 11101 A+ B+ A+
01010 01001 01011 B+ A+ AB+
01010 01010 01010 B+ B+ B+
01010 01011 01011 B+ AB+ AB+
01010 01011 01010 B+ AB+ B+
01010 01100 01110 B+ O+ B+
01010 01101 01011 B+ A+ AB+
01010 01101 01110 B+ A+ B+
01010 01110 01010 B+ B+ B+
01010 01110 01110 B+ B+ B+
01010 10001 11011 B+ A- AB+
01010 10010 11010 B+ B- B+
01010 10011 11011 B+ AB- AB+
01010 10011 11010 B+ AB- B+
01010 10100 11110 B+ O- B+
01010 10101 11011 B+ A- AB+
01010 10101 11110 B+ A- B+
01010 10110 11010 B+ B- B+
01010 10110 11110 B+ B- B+
01010 11001 01011 B+ A+ AB+
01010 11001 11011 B+ A+ AB+
01010 11010 01010 B+ B+ B+
01010 11010 11010 B+ B+ B+
01010 11011 01011 B+ AB+ AB+
01010 11011 01010 B+ AB+ B+
01010 11011 11011 B+ AB+ AB+
01010 11011 11010 B+ AB+ B+
01010 11100 01110 B+ O+ B+
01010 11100 11110 B+ O+ B+
01010 11101 01011 B+ A+ AB+
01010 11101 01110 B+ A+ B+
01010 11101 11011 B+ A+ AB+
01010 11101 11110 B+ A+ B+
01010 11110 01010 B+ B+ B+
01010 11110 01110 B+ B+ B+
01010 11110 11010 B+ B+ B+
01010 11110 11110 B+ B+ B+
01011 01001 01001 AB+ A+ A+
01011 01001 01011 AB+ A+ AB+
01011 01010 01011 AB+ B+ AB+
01011 01010 01010 AB+ B+ B+
01011 01011 01001 AB+ AB+ A+
01011 01011 01011 AB+ AB+ AB+
01011 01011 01011 AB+ AB+ AB+
01011 01011 01010 AB+ AB+ B+
01011 01100 01101 AB+ O+ A+
01011 01100 01110 AB+ O+ B+
01011 01101 01001 AB+ A+ A+
01011 01101 01101 AB+ A+ A+
01011 01101 01011 AB+ A+ AB+
01011 01101 01110 AB+ A+ B+
01011 01110 01011 AB+ B+ AB+
01011 01110 01101 AB+ B+ A+
01011 01110 01010 AB+ B+ B+
01011 01110 01110 AB+ B+ B+
01011 10001 11001 AB+ A- A+
01011 10001 11011 AB+ A- AB+
01011 10010 11011 AB+ B- AB+
01011 10010 11010 AB+ B- B+
01011 10011 11001 AB+ AB- A+
01011 10011 11011 AB+ AB- AB+
01011 10011 11011 AB+ AB- AB+
01011 10011 11010 AB+ AB- B+
01011 10100 11101 AB+ O- A+
01011 10100 11110 AB+ O- B+
01011 10101 11001 AB+ A- A+
01011 10101 11101 AB+ A- A+
01011 10101 11011 AB+ A- AB+
01011 10101 11110 AB+ A- B+
01011 10110 11011 AB+ B- AB+
01011 10110 11101 AB+ B- A+
01011 10110 11010 AB+ B- B+
01011 10110 11110 AB+ B- B+
01011 11001 01001 AB+ A+ A+
01011 11001 11001 AB+ A+ A+
01011 11001 01011 AB+ A+ AB+
01011 11001 11011 AB+ A+ AB+
01011 11010 01011 AB+ B+ AB+
01011 11010 11011 AB+ B+ AB+
01011 11010 01010 AB+ B+ B+
01011 11010 11010 AB+ B+ B+
01011 11011 01001 AB+ AB+ A+
01011 11011 01011 AB+ AB+ AB+
01011 11011 11001 AB+ AB+ A+
01011 11011 11011 AB+ AB+ AB+
01011 11011 01011 AB+ AB+ AB+
01011 11011 01010 AB+ AB+ B+
01011 11011 11011 AB+ AB+ AB+
01011 11011 11010 AB+ AB+ B+
01011 11100 01101 AB+ O+ A+
01011 11100 11101 AB+ O+ A+
01011 11100 01110 AB+ O+ B+
01011 11100 11110 AB+ O+ B+
01011 11101 01001 AB+ A+ A+
01011 11101 01101 AB+ A+ A+
01011 11101 11001 AB+ A+ A+
01011 11101 11101 AB+ A+ A+
01011 11101 01011 AB+ A+ AB+
01011 11101 01110 AB+ A+ B+
01011 11101 11011 AB+ A+ AB+
01011 11101 11110 AB+ A+ B+
01011 11110 01011 AB+ B+ AB+
01011 11110 01101 AB+ B+ A+
01011 11110 11011 AB+ B+ AB+
01011 11110 11101 AB+ B+ A+
01011 11110 01010 AB+ B+ B+
01011 11110 01110 AB+ B+ B+
01011 11110 11010 AB+ B+ B+
01011 11110 11110 AB+ B+ B+
01100 01001 01101 O+ A+ A+
01100 01010 01110 O+ B+ B+
01100 01011 01101 O+ AB+ A+
01100 01011 01110 O+ AB+ B+
01100 01100 01100 O+ O+ O+
01100 01101 01101 O+ A+ A+
01100 01101 01100 O+ A+ O+
01100 01110 01110 O+ B+ B+
01100 01110 01100 O+ B+ O+
01100 10001 11101 O+ A- A+
01100 10010 11110 O+ B- B+
01100 10011 11101 O+ AB- A+
01100 10011 11110 O+ AB- B+
01100 10100 11100 O+ O- O+
01100 10101 11101 O+ A- A+
01100 10101 11100 O+ A- O+
01100 10110 11110 O+ B- B+
01100 10110 11100 O+ B- O+
01100 11001 01101 O+ A+ A+
01100 11001 11101 O+ A+ A+
01100 11010 01110 O+ B+ B+
01100 11010 11110 O+ B+ B+
01100 11011 01101 O+ AB+ A+
01100 11011 01110 O+ AB+ B+
01100 11011 11101 O+ AB+ A+
01100 11011 11110 O+ AB+ B+
01100 11100 01100 O+ O+ O+
01100 11100 11100 O+ O+ O+
01100 11101 01101 O+ A+ A+
01100 11101 01100 O+ A+ O+
01100 11101 11101 O+ A+ A+
01100 11101 11100 O+ A+ O+
01100 11110 01110 O+ B+ B+
01100 11110 01100 O+ B+ O+
01100 11110 11110 O+ B+ B+
01100 11110 11100 O+ B+ O+
01101 01001 01001 A+ A+ A+
01101 01001 01101 A+ A+ A+
01101 01010 01011 A+ B+ AB+
01101 01010 01110 A+ B+ B+
01101 01011 01001 A+ AB+ A+
01101 01011 01011 A+ AB+ AB+
01101 01011 01101 A+ AB+ A+
01101 01011 01110 A+ AB+ B+
01101 01100 01101 A+ O+ A+
01101 01100 01100 A+ O+ O+
01101 01101 01001 A+ A+ A+
01101 01101 01101 A+ A+ A+
01101 01101 01101 A+ A+ A+
01101 01101 01100 A+ A+ O+
01101 01110 01011 A+ B+ AB+
01101 01110 01101 A+ B+ A+
01101 01110 01110 A+ B+ B+
01101 01110 01100 A+ B+ O+
01101 10001 11001 A+ A- A+
01101 10001 11101 A+ A- A+
01101 10010 11011 A+ B- AB+
01101 10010 11110 A+ B- B+
01101 10011 11001 A+ AB- A+
01101 10011 11011 A+ AB- AB+
01101 10011 11101 A+ AB- A+
01101 10011 11110 A+ AB- B+
01101 10100 11101 A+ O- A+
01101 10100 11100 A+ O- O+
01101 10101 11001 A+ A- A+
01101 10101 11101 A+ A- A+
01101 10101 11101 A+ A- A+
01101 10101 11100 A+ A- O+
01101 10110 11011 A+ B- AB+
01101 10110 11101 A+ B- A+
01101 10110 11110 A+ B- B+
01101 10110 11100 A+ B- O+
01101 11001 01001 A+ A+ A+
01101 11001 11001 A+ A+ A+
01101 11001 01101 A+ A+ A+
01101 11001 11101 A+ A+ A+
01101 11010 01011 A+ B+ AB+
01101 11010 11011 A+ B+ AB+
01101 11010 01110 A+ B+ B+
01101 11010 11110 A+ B+ B+
01101 11011 01001 A+ AB+ A+
01101 11011 01011 A+ AB+ AB+
01101 11011 11001 A+ AB+ A+
01101 11011 11011 A+ AB+ AB+
01101 11011 01101 A+ AB+ A+
01101 11011 01110 A+ AB+ B+
01101 11011 11101 A+ AB+ A+
01101 11011 11110 A+ AB+ B+
01101 11100 01101 A+ O+ A+
01101 11100 11101 A+ O+ A+
01101 11100 01100 A+ O+ O+
01101 11100 11100 A+ O+ O+
01101 11101 01001 A+ A+ A+
01101 11101 01101 A+ A+ A+
01101 11101 11001 A+ A+ A+
01101 11101 11101 A+ A+ A+
01101 11101 01101 A+ A+ A+
01101 11101 01100 A+ A+ O+
01101 11101 11101 A+ A+ A+
01101 11101 11100 A+ A+ O+
01101 11110 01011 A+ B+ AB+
01101 11110 01101 A+ B+ A+
01101 11110 11011 A+ B+ AB+
01101 11110 11101 A+ B+ A+
01101 11110 01110 A+ B+ B+
01101 11110 01100 A+ B+ O+
01101 11110 11110 A+ B+ B+
01101 11110 11100 A+ B+ O+
01110 01001 01011 B+ A+ AB+
01110 01001 01101 B+ A+ A+
01110 01010 01010 B+ B+ B+
01110 01010 01110 B+ B+ B+
01110 01011 01011 B+ AB+ AB+
01110 01011 01010 B+ AB+ B+
01110 01011 01101 B+ AB+ A+
01110 01011 01110 B+ AB+ B+
01110 01100 01110 B+ O+ B+
01110 01100 01100 B+ O+ O+
01110 01101 01011 B+ A+ AB+
01110 01101 01110 B+ A+ B+
01110 01101 01101 B+ A+ A+
01110 01101 01100 B+ A+ O+
01110 01110 01010 B+ B+ B+
01110 01110 01110 B+ B+ B+
01110 01110 01110 B+ B+ B+
01110 01110 01100 B+ B+ O+
01110 10001 11011 B+ A- AB+
01110 10001 11101 B+ A- A+
01110 10010 11010 B+ B- B+
01110 10010 11110 B+ B- B+
01110 10011 11011 B+ AB- AB+
01110 10011 11010 B+ AB- B+
01110 10011 11101 B+ AB- A+
01110 10011 11110 B+ AB- B+
01110 10100 11110 B+ O- B+
01110 10100 11100 B+ O- O+
01110 10101 11011 B+ A- AB+
01110 10101 11110 B+ A- B+
01110 10101 11101 B+ A- A+
01110 10101 11100 B+ A- O+
01110 10110 11010 B+ B- B+
01110 10110 11110 B+ B- B+
01110 10110 11110 B+ B- B+
01110 10110 11100 B+ B- O+
01110 11001 01011 B+ A+ AB+
01110 11001 11011 B+ A+ AB+
01110 11001 01101 B+ A+ A+
01110 11001 11101 B+ A+ A+
01110 11010 01010 B+ B+ B+
01110 11010 11010 B+ B+ B+
01110 11010 01110 B+ B+ B+
01110 11010 11110 B+ B+ B+
01110 11011 01011 B+ AB+ AB+
01110 11011 01010 B+ AB+ B+
01110 11011 11011 B+ AB+ AB+
01110 11011 11010 B+ AB+ B+
01110 11011 01101 B+ AB+ A+
01110 11011 01110 B+ AB+ B+
01110 11011 11101 B+ AB+ A+
01110 11011 11110 B+ AB+ B+
01110 11100 01110 B+ O+ B+
01110 11100 11110 B+ O+ B+
01110 11100 01100 B+ O+ O+
01110 11100 11100 B+ O+ O+
01110 11101 01011 B+ A+ AB+
01110 11101 01110 B+ A+ B+
01110 11101 11011 B+ A+ AB+
01110 11101 11110 B+ A+ B+
01110 11101 01101 B+ A+ A+
01110 11101 01100 B+ A+ O+
01110 11101 11101 B+ A+ A+
01110 11101 11100 B+ A+ O+
01110 11110 01010 B+ B+ B+
01110 11110 01110 B+ B+ B+
01110 11110 11010 B+ B+ B+
01110 11110 11110 B+ B+ B+
01110 11110 01110 B+ B+ B+
01110 11110 01100 B+ B+ O+
01110 11110 11110 B+ B+ B+
01110 11110 11100 B+ B+ O+
10001 01001 11001 A- A+ A+
10001 01010 11011 A- B+ AB+
10001 01011 11001 A- AB+ A+
10001 01011 11011 A- AB+ AB+
10001 01100 11101 A- O+ A+
10001 01101 11001 A- A+ A+
10001 01101 11101 A- A+ A+
10001 01110 11011 A- B+ AB+
10001 01110 11101 A- B+ A+
10001 10001 10001 A- A- A-
10001 10010 10011 A- B- AB-
10001 10011 10001 A- AB- A-
10001 10011 10011 A- AB- AB-
10001 10100 10101 A- O- A-
10001 10101 10001 A- A- A-
10001 10101 10101 A- A- A-
10001 10110 10011 A- B- AB-
10001 10110 10101 A- B- A-
10001 11001 11001 A- A+ A+
10001 11001 10001 A- A+ A-
10001 11010 11011 A- B+ AB+
10001 11010 10011 A- B+ AB-
10001 11011 11001 A- AB+ A+
10001 11011 11011 A- AB+ AB+
10001 11011 10001 A- AB+ A-
10001 11011 10011 A- AB+ AB-
10001 11100 11101 A- O+ A+
10001 11100 10101 A- O+ A-
10001 11101 11001 A- A+ A+
10001 11101 11101 A- A+ A+
10001 11101 10001 A- A+ A-
10001 11101 10101 A- A+ A-
10001 11110 11011 A- B+ AB+
10001 11110 11101 A- B+ A+
10001 11110 10011 A- B+ AB-
10001 11110 10101 A- B+ A-
10010 01001 11011 B- A+ AB+
10010 01010 11010 B- B+ B+
10010 01011 11011 B- AB+ AB+
10010 01011 11010 B- AB+ B+
10010 01100 11110 B- O+ B+
10010 01101 11011 B- A+ AB+
10010 01101 11110 B- A+ B+
10010 01110 11010 B- B+ B+
10010 01110 11110 B- B+ B+
10010 10001 10011 B- A- AB-
10010 10010 10010 B- B- B-
10010 10011 10011 B- AB- AB-
10010 10011 10010 B- AB- B-
10010 10100 10110 B- O- B-
10010 10101 10011 B- A- AB-
10010 10101 10110 B- A- B-
10010 10110 10010 B- B- B-
10010 10110 10110 B- B- B-
10010 11001 11011 B- A+ AB+
10010 11001 10011 B- A+ AB-
10010 11010 11010 B- B+ B+
10010 11010 10010 B- B+ B-
10010 11011 11011 B- AB+ AB+
10010 11011 11010 B- AB+ B+
10010 11011 10011 B- AB+ AB-
10010 11011 10010 B- AB+ B-
10010 11100 11110 B- O+ B+
10010 11100 10110 B- O+ B-
10010 11101 11011 B- A+ AB+
10010 11101 11110 B- A+ B+
10010 11101 10011 B- A+ AB-
10010 11101 10110 B- A+ B-
10010 11110 11010 B- B+ B+
10010 11110 11110 B- B+ B+
10010 11110 10010 B- B+ B-
10010 11110 10110 B- B+ B-
10011 01001 11001 AB- A+ A+
10011 01001 11011 AB- A+ AB+
10011 01010 11011 AB- B+ AB+
10011 01010 11010 AB- B+ B+
10011 01011 11001 AB- AB+ A+
10011 01011 11011 AB- AB+ AB+
10011 01011 11011 AB- AB+ AB+
10011 01011 11010 AB- AB+ B+
10011 01100 11101 AB- O+ A+
10011 01100 11110 AB- O+ B+
10011 01101 11001 AB- A+ A+
10011 01101 11101 AB- A+ A+
10011 01101 11011 AB- A+ AB+
10011 01101 11110 AB- A+ B+
10011 01110 11011 AB- B+ AB+
10011 01110 11101 AB- B+ A+
10011 01110 11010 AB- B+ B+
10011 01110 11110 AB- B+ B+
10011 10001 10001 AB- A- A-
10011 10001 10011 AB- A- AB-
10011 10010 10011 AB- B- AB-
10011 10010 10010 AB- B- B-
10011 10011 10001 AB- AB- A-
10011 10011 10011 AB- AB- AB-
10011 10011 10011 AB- AB- AB-
10011 10011 10010 AB- AB- B-
10011 10100 10101 AB- O- A-
10011 10100 10110 AB- O- B-
10011 10101 10001 AB- A- A-
10011 10101 10101 AB- A- A-
10011 10101 10011 AB- A- AB-
10011 10101 10110 AB- A- B-
10011 10110 10011 AB- B- AB-
10011 10110 10101 AB- B- A-
10011 10110 10010 AB- B- B-
10011 10110 10110 AB- B- B-
10011 11001 11001 AB- A+ A+
10011 11001 10001 AB- A+ A-
10011 11001 11011 AB- A+ AB+
10011 11001 10011 AB- A+ AB-
10011 11010 11011 AB- B+ AB+
10011 11010 10011 AB- B+ AB-
10011 11010 11010 AB- B+ B+
10011 11010 10010 AB- B+ B-
10011 11011 11001 AB- AB+ A+
10011 11011 11011 AB- AB+ AB+
10011 11011 10001 AB- AB+ A-
10011 11011 10011 AB- AB+ AB-
10011 11011 11011 AB- AB+ AB+
10011 11011 11010 AB- AB+ B+
10011 11011 10011 AB- AB+ AB-
10011 11011 10010 AB- AB+ B-
10011 11100 11101 AB- O+ A+
10011 11100 10101 AB- O+ A-
10011 11100 11110 AB- O+ B+
10011 11100 10110 AB- O+ B-
10011 11101 11001 AB- A+ A+
10011 11101 11101 AB- A+ A+
10011 11101 10001 AB- A+ A-
10011 11101 10101 AB- A+ A-
10011 11101 11011 AB- A+ AB+
10011 11101 11110 AB- A+ B+
10011 11101 10011 AB- A+ AB-
10011 11101 10110 AB- A+ B-
10011 11110 11011 AB- B+ AB+
10011 11110 11101 AB- B+ A+
10011 11110 10011 AB- B+ AB-
10011 11110 10101 AB- B+ A-
10011 11110 11010 AB- B+ B+
10011 11110 11110 AB- B+ B+
10011 11110 10010 AB- B+ B-
10011 11110 10110 AB- B+ B-
10100 01001 11101 O- A+ A+
10100 01010 11110 O- B+ B+
10100 01011 11101 O- AB+ A+
10100 01011 11110 O- AB+ B+
10100 01100 11100 O- O+ O+
10100 01101 11101 O- A+ A+
10100 01101 11100 O- A+ O+
10100 01110 11110 O- B+ B+
10100 01110 11100 O- B+ O+
10100 10001 10101 O- A- A-
10100 10010 10110 O- B- B-
10100 10011 10101 O- AB- A-
10100 10011 10110 O- AB- B-
10100 10100 10100 O- O- O-
10100 10101 10101 O- A- A-
10100 10101 10100 O- A- O-
10100 10110 10110 O- B- B-
10100 10110 10100 O- B- O-
10100 11001 11101 O- A+ A+
10100 11001 10101 O- A+ A-
10100 11010 11110 O- B+ B+
10100 11010 10110 O- B+ B-
10100 11011 11101 O- AB+ A+
10100 11011 11110 O- AB+ B+
10100 11011 10101 O- AB+ A-
10100 11011 10110 O- AB+ B-
10100 11100 11100 O- O+ O+
10100 11100 10100 O- O+ O-
10100 11101 11101 O- A+ A+
10100 11101 11100 O- A+ O+
10100 11101 10101 O- A+ A-
10100 11101 10100 O- A+ O-
10100 11110 11110 O- B+ B+
10100 11110 11100 O- B+ O+
10100 11110 10110 O- B+ B-
10100 11110 10100 O- B+ O-
10101 01001 11001 A- A+ A+
10101 01001 11101 A- A+ A+
10101 01010 11011 A- B+ AB+
10101 01010 11110 A- B+ B+
10101 01011 11001 A- AB+ A+
10101 01011 11011 A- AB+ AB+
10101 01011 11101 A- AB+ A+
10101 01011 11110 A- AB+ B+
10101 01100 11101 A- O+ A+
10101 01100 11100 A- O+ O+
10101 01101 11001 A- A+ A+
10101 01101 11101 A- A+ A+
10101 01101 11101 A- A+ A+
10101 01101 11100 A- A+ O+
10101 01110 11011 A- B+ AB+
10101 01110 11101 A- B+ A+
10101 01110 11110 A- B+ B+
10101 01110 11100 A- B+ O+
10101 10001 10001 A- A- A-
10101 10001 10101 A- A- A-
10101 10010 10011 A- B- AB-
10101 10010 10110 A- B- B-
10101 10011 10001 A- AB- A-
10101 10011 10011 A- AB- AB-
10101 10011 10101 A- AB- A-
10101 10011 10110 A- AB- B-
10101 10100 10101 A- O- A-
10101 10100 10100 A- O- O-
10101 10101 10001 A- A- A-
10101 10101 10101 A- A- A-
10101 10101 10101 A- A- A-
10101 10101 10100 A- A- O-
10101 10110 10011 A- B- AB-
10101 10110 10101 A- B- A-
10101 10110 10110 A- B- B-
10101 10110 10100 A- B- O-
10101 11001 11001 A- A+ A+
10101 11001 10001 A- A+ A-
10101 11001 11101 A- A+ A+
10101 11001 10101 A- A+ A-
10101 11010 11011 A- B+ AB+
10101 11010 10011 A- B+ AB-
10101 11010 11110 A- B+ B+
10101 11010 10110 A- B+ B-
10101 11011 11001 A- AB+ A+
10101 11011 11011 A- AB+ AB+
10101 11011 10001 A- AB+ A-
10101 11011 10011 A- AB+ AB-
10101 11011 11101 A- AB+ A+
10101 11011 11110 A- AB+ B+
10101 11011 10101 A- AB+ A-
10101 11011 10110 A- AB+ B-
10101 11100 11101 A- O+ A+
10101 11100 10101 A- O+ A-
10101 11100 11100 A- O+ O+
10101 11100 10100 A- O+ O-
10101 11101 11001 A- A+ A+
10101 11101 11101 A- A+ A+
10101 11101 10001 A- A+ A-
10101 11101 10101 A- A+ A-
10101 11101 11101 A- A+ A+
10101 11101 11100 A- A+ O+
10101 11101 10101 A- A+ A-
10101 11101 10100 A- A+ O-
10101 11110 11011 A- B+ AB+
10101 11110 11101 A- B+ A+
10101 11110 10011 A- B+ AB-
10101 11110 10101 A- B+ A-
10101 11110 11110 A- B+ B+
10101 11110 11100 A- B+ O+
10101 11110 10110 A- B+ B-
10101 11110 10100 A- B+ O-
10110 01001 11011 B- A+ AB+
10110 01001 11101 B- A+ A+
10110 01010 11010 B- B+ B+
10110 01010 11110 B- B+ B+
10110 01011 11011 B- AB+ AB+
10110 01011 11010 B- AB+ B+
10110 01011 11101 B- AB+ A+
10110 01011 11110 B- AB+ B+
10110 01100 11110 B- O+ B+
10110 01100 11100 B- O+ O+
10110 01101 11011 B- A+ AB+
10110 01101 11110 B- A+ B+
10110 01101 11101 B- A+ A+
10110 01101 11100 B- A+ O+
10110 01110 11010 B- B+ B+
10110 01110 11110 B- B+ B+
10110 01110 11110 B- B+ B+
10110 01110 11100 B- B+ O+
10110 10001 10011 B- A- AB-
10110 10001 10101 B- A- A-
10110 10010 10010 B- B- B-
10110 10010 10110 B- B- B-
10110 10011 10011 B- AB- AB-
10110 10011 10010 B- AB- B-
10110 10011 10101 B- AB- A-
10110 10011 10110 B- AB- B-
10110 10100 10110 B- O- B-
10110 10100 10100 B- O- O-
10110 10101 10011 B- A- AB-
10110 10101 10110 B- A- B-
10110 10101 10101 B- A- A-
10110 10101 10100 B- A- O-
10110 10110 10010 B- B- B-
10110 10110 10110 B- B- B-
10110 10110 10110 B- B- B-
10110 10110 10100 B- B- O-
10110 11001 11011 B- A+ AB+
10110 11001 10011 B- A+ AB-
10110 11001 11101 B- A+ A+
10110 11001 10101 B- A+ A-
10110 11010 11010 B- B+ B+
10110 11010 10010 B- B+ B-
10110 11010 11110 B- B+ B+
10110 11010 10110 B- B+ B-
10110 11011 11011 B- AB+ AB+
10110 11011 11010 B- AB+ B+
10110 11011 10011 B- AB+ AB-
10110 11011 10010 B- AB+ B-
10110 11011 11101 B- AB+ A+
10110 11011 11110 B- AB+ B+
10110 11011 10101 B- AB+ A-
10110 11011 10110 B- AB+ B-
10110 11100 11110 B- O+ B+
10110 11100 10110 B- O+ B-
10110 11100 11100 B- O+ O+
10110 11100 10100 B- O+ O-
10110 11101 11011 B- A+ AB+
10110 11101 11110 B- A+ B+
10110 11101 10011 B- A+ AB-
10110 11101 10110 B- A+ B-
10110 11101 11101 B- A+ A+
10110 11101 11100 B- A+ O+
10110 11101 10101 B- A+ A-
10110 11101 10100 B- A+ O-
10110 11110 11010 B- B+ B+
10110 11110 11110 B- B+ B+
10110 11110 10010 B- B+ B-
10110 11110 10110 B- B+ B-
10110 11110 11110 B- B+ B+
10110 11110 11100 B- B+ O+
10110 11110 10110 B- B+ B-
10110 11110 10100 B- B+ O-
11001 01001 01001 A+ A+ A+
11001 01001 11001 A+ A+ A+
11001 01010 01011 A+ B+ AB+
11001 01010 11011 A+ B+ AB+
11001 01011 01001 A+ AB+ A+
11001 01011 01011 A+ AB+ AB+
11001 01011 11001 A+ AB+ A+
11001 01011 11011 A+ AB+ AB+
11001 01100 01101 A+ O+ A+
11001 01100 11101 A+ O+ A+
11001 01101 01001 A+ A+ A+
11001 01101 01101 A+ A+ A+
11001 01101 11001 A+ A+ A+
11001 01101 11101 A+ A+ A+
11001 01110 01011 A+ B+ AB+
11001 01110 01101 A+ B+ A+
11001 01110 11011 A+ B+ AB+
11001 01110 11101 A+ B+ A+
11001 10001 11001 A+ A- A+
11001 10001 10001 A+ A- A-
11001 10010 11011 A+ B- AB+
11001 10010 10011 A+ B- AB-
11001 10011 11001 A+ AB- A+
11001 10011 11011 A+ AB- AB+
11001 10011 10001 A+ AB- A-
11001 10011 10011 A+ AB- AB-
11001 10100 11101 A+ O- A+
11001 10100 10101 A+ O- A-
11001 10101 11001 A+ A- A+
11001 10101 11101 A+ A- A+
11001 10101 10001 A+ A- A-
11001 10101 10101 A+ A- A-
11001 10110 11011 A+ B- AB+
11001 10110 11101 A+ B- A+
11001 10110 10011 A+ B- AB-
11001 10110 10101 A+ B- A-
11001 11001 01001 A+ A+ A+
11001 11001 11001 A+ A+ A+
11001 11001 11001 A+ A+ A+
11001 11001 10001 A+ A+ A-
11001 11010 01011 A+ B+ AB+
11001 11010 11011 A+ B+ AB+
11001 11010 11011 A+ B+ AB+
11001 11010 10011 A+ B+ AB-
11001 11011 01001 A+ AB+ A+
11001 11011 01011 A+ AB+ AB+
11001 11011 11001 A+ AB+ A+
11001 11011 11011 A+ AB+ AB+
11001 11011 11001 A+ AB+ A+
11001 11011 11011 A+ AB+ AB+
11001 11011 10001 A+ AB+ A-
11001 11011 10011 A+ AB+ AB-
11001 11100 01101 A+ O+ A+
11001 11100 11101 A+ O+ A+
11001 11100 11101 A+ O+ A+
11001 11100 10101 A+ O+ A-
11001 11101 01001 A+ A+ A+
11001 11101 01101 A+ A+ A+
11001 11101 11001 A+ A+ A+
11001 11101 11101 A+ A+ A+
11001 11101 11001 A+ A+ A+
11001 11101 11101 A+ A+ A+
11001 11101 10001 A+ A+ A-
11001 11101 10101 A+ A+ A-
11001 11110 01011 A+ B+ AB+
11001 11110 01101 A+ B+ A+
11001 11110 11011 A+ B+ AB+
11001 11110 11101 A+ B+ A+
11001 11110 11011 A+ B+ AB+
11001 11110 11101 A+ B+ A+
11001 11110 10011 A+ B+ AB-
11001 11110 10101 A+ B+ A-
11010 01001 01011 B+ A+ AB+
11010 01001 11011 B+ A+ AB+
11010 01010 01010 B+ B+ B+
11010 01010 11010 B+ B+ B+
11010 01011 01011 B+ AB+ AB+
11010 01011 01010 B+ AB+ B+
11010 01011 11011 B+ AB+ AB+
11010 01011 11010 B+ AB+ B+
11010 01100 01110 B+ O+ B+
11010 01100 11110 B+ O+ B+
11010 01101 01011 B+ A+ AB+
11010 01101 01110 B+ A+ B+
11010 01101 11011 B+ A+ AB+
11010 01101 11110 B+ A+ B+
11010 01110 01010 B+ B+ B+
11010 01110 01110 B+ B+ B+
11010 01110 11010 B+ B+ B+
11010 01110 11110 B+ B+ B+
11010 10001 11011 B+ A- AB+
11010 10001 10011 B+ A- AB-
11010 10010 11010 B+ B- B+
11010 10010 10010 B+ B- B-
11010 10011 11011 B+ AB- AB+
11010 10011 11010 B+ AB- B+
11010 10011 10011 B+ AB- AB-
11010 10011 10010 B+ AB- B-
11010 10100 11110 B+ O- B+
11010 10100 10110 B+ O- B-
11010 10101 11011 B+ A- AB+
11010 10101 11110 B+ A- B+
11010 10101 10011 B+ A- AB-
11010 10101 10110 B+ A- B-
11010 10110 11010 B+ B- B+
11010 10110 11110 B+ B- B+
11010 10110 10010 B+ B- B-
11010 10110 10110 B+ B- B-
11010 11001 01011 B+ A+ AB+
11010 11001 11011 B+ A+ AB+
11010 11001 11011 B+ A+ AB+
11010 11001 10011 B+ A+ AB-
11010 11010 01010 B+ B+ B+
11010 11010 11010 B+ B+ B+
11010 11010 11010 B+ B+ B+
11010 11010 10010 B+ B+ B-
11010 11011 01011 B+ AB+ AB+
11010 11011 01010 B+ AB+ B+
11010 11011 11011 B+ AB+ AB+
11010 11011 11010 B+ AB+ B+
11010 11011 11011 B+ AB+ AB+
11010 11011 11010 B+ AB+ B+
11010 11011 10011 B+ AB+ AB-
11010 11011 10010 B+ AB+ B-
11010 11100 01110 B+ O+ B+
11010 11100 11110 B+ O+ B+
11010 11100 11110 B+ O+ B+
11010 11100 10110 B+ O+ B-
11010 11101 01011 B+ A+ AB+
11010 11101 01110 B+ A+ B+
11010 11101 11011 B+ A+ AB+
11010 11101 11110 B+ A+ B+
11010 11101 11011 B+ A+ AB+
11010 11101 11110 B+ A+ B+
11010 11101 10011 B+ A+ AB-
11010 11101 10110 B+ A+ B-
11010 11110 01010 B+ B+ B+
11010 11110 01110 B+ B+ B+
11010 11110 11010 B+ B+ B+
11010 11110 11110 B+ B+ B+
11010 11110 11010 B+ B+ B+
11010 11110 11110 B+ B+ B+
11010 11110 10010 B+ B+ B-
11010 11110 10110 B+ B+ B-
11011 01001 01001 AB+ A+ A+
11011 01001 01011 AB+ A+ AB+
11011 01001 11001 AB+ A+ A+
11011 01001 11011 AB+ A+ AB+
11011 01010 01011 AB+ B+ AB+
11011 01010 01010 AB+ B+ B+
11011 01010 11011 AB+ B+ AB+
11011 01010 11010 AB+ B+ B+
11011 01011 01001 AB+ AB+ A+
11011 01011 01011 AB+ AB+ AB+
11011 01011 01011 AB+ AB+ AB+
11011 01011 01010 AB+ AB+ B+
11011 01011 11001 AB+ AB+ A+
11011 01011 11011 AB+ AB+ AB+
11011 01011 11011 AB+ AB+ AB+
11011 01011 11010 AB+ AB+ B+
11011 01100 01101 AB+ O+ A+
11011 01100 01110 AB+ O+ B+
11011 01100 11101 AB+ O+ A+
11011 01100 11110 AB+ O+ B+
11011 01101 01001 AB+ A+ A+
11011 01101 01101 AB+ A+ A+
11011 01101 01011 AB+ A+ AB+
11011 01101 01110 AB+ A+ B+
11011 01101 11001 AB+ A+ A+
11011 01101 11101 AB+ A+ A+
11011 01101 11011 AB+ A+ AB+
11011 01101 11110 AB+ A+ B+
11011 01110 01011 AB+ B+ AB+
11011 01110 01101 AB+ B+ A+
11011 01110 01010 AB+ B+ B+
11011 01110 01110 AB+ B+ B+
11011 01110 11011 AB+ B+ AB+
11011 01110 11101 AB+ B+ A+
11011 01110 11010 AB+ B+ B+
11011 01110 11110 AB+ B+ B+
11011 10001 11001 AB+ A- A+
11011 10001 11011 AB+ A- AB+
11011 10001 10001 AB+ A- A-
11011 10001 10011 AB+ A- AB-
11011 10010 11011 AB+ B- AB+
11011 10010 11010 AB+ B- B+
11011 10010 10011 AB+ B- AB-
11011 10010 10010 AB+ B- B-
11011 10011 11001 AB+ AB- A+
11011 10011 11011 AB+ AB- AB+
11011 10011 11011 AB+ AB- AB+
11011 10011 11010 AB+ AB- B+
11011 10011 10001 AB+ AB- A-
11011 10011 10011 AB+ AB- AB-
11011 10011 10011 AB+ AB- AB-
11011 10011 10010 AB+ AB- B-
11011 10100 11101 AB+ O- A+
11011 10100 11110 AB+ O- B+
11011 10100 10101 AB+ O- A-
11011 10100 10110 AB+ O- B-
11011 10101 11001 AB+ A- A+
11011 10101 11101 AB+ A- A+
11011 10101 11011 AB+ A- AB+
11011 10101 11110 AB+ A- B+
11011 10101 10001 AB+ A- A-
11011 10101 10101 AB+ A- A-
11011 10101 10011 AB+ A- AB-
11011 10101 10110 AB+ A- B-
11011 10110 11011 AB+ B- AB+
11011 10110 11101 AB+ B- A+
11011 10110 11010 AB+ B- B+
11011 10110 11110 AB+ B- B+
11011 10110 10011 AB+ B- AB-
11011 10110 10101 AB+ B- A-
11011 10110 10010 AB+ B- B-
11011 10110 10110 AB+ B- B-
11011 11001 01001 AB+ A+ A+
11011 11001 11001 AB+ A+ A+
11011 11001 01011 AB+ A+ AB+
11011 11001 11011 AB+ A+ AB+
11011 11001 11001 AB+ A+ A+
11011 11001 10001 AB+ A+ A-
11011 11001 11011 AB+ A+ AB+
11011 11001 10011 AB+ A+ AB-
11011 11010 01011 AB+ B+ AB+
11011 11010 11011 AB+ B+ AB+
11011 11010 01010 AB+ B+ B+
11011 11010 11010 AB+ B+ B+
11011 11010 11011 AB+ B+ AB+
11011 11010 10011 AB+ B+ AB-
11011 11010 11010 AB+ B+ B+
11011 11010 10010 AB+ B+ B-
11011 11011 01001 AB+ AB+ A+
11011 11011 01011 AB+ AB+ AB+
11011 11011 11001 AB+ AB+ A+
11011 11011 11011 AB+ AB+ AB+
11011 11011 01011 AB+ AB+ AB+
11011 11011 01010 AB+ AB+ B+
11011 11011 11011 AB+ AB+ AB+
11011 11011 11010 AB+ AB+ B+
11011 11011 11001 AB+ AB+ A+
11011 11011 11011 AB+ AB+ AB+
11011 11011 10001 AB+ AB+ A-
11011 11011 10011 AB+ AB+ AB-
11011 11011 11011 AB+ AB+ AB+
11011 11011 11010 AB+ AB+ B+
11011 11011 10011 AB+ AB+ AB-
11011 11011 10010 AB+ AB+ B-
11011 11100 01101 AB+ O+ A+
11011 11100 11101 AB+ O+ A+
11011 11100 01110 AB+ O+ B+
11011 11100 11110 AB+ O+ B+
11011 11100 11101 AB+ O+ A+
11011 11100 10101 AB+ O+ A-
11011 11100 11110 AB+ O+ B+
11011 11100 10110 AB+ O+ B-
11011 11101 01001 AB+ A+ A+
11011 11101 01101 AB+ A+ A+
11011 11101 11001 AB+ A+ A+
11011 11101 11101 AB+ A+ A+
11011 11101 01011 AB+ A+ AB+
11011 11101 01110 AB+ A+ B+
11011 11101 11011 AB+ A+ AB+
11011 11101 11110 AB+ A+ B+
11011 11101 11001 AB+ A+ A+
11011 11101 11101 AB+ A+ A+
11011 11101 10001 AB+ A+ A-
11011 11101 10101 AB+ A+ A-
11011 11101 11011 AB+ A+ AB+
11011 11101 11110 AB+ A+ B+
11011 11101 10011 AB+ A+ AB-
11011 11101 10110 AB+ A+ B-
11011 11110 01011 AB+ B+ AB+
11011 11110 01101 AB+ B+ A+
11011 11110 11011 AB+ B+ AB+
11011 11110 11101 AB+ B+ A+
11011 11110 01010 AB+ B+ B+
11011 11110 01110 AB+ B+ B+
11011 11110 11010 AB+ B+ B+
11011 11110 11110 AB+ B+ B+
11011 11110 11011 AB+ B+ AB+
11011 11110 11101 AB+ B+ A+
11011 11110 10011 AB+ B+ AB-
11011 11110 10101 AB+ B+ A-
11011 11110 11010 AB+ B+ B+
11011 11110 11110 AB+ B+ B+
11011 11110 10010 AB+ B+ B-
11011 11110 10110 AB+ B+ B-
11100 01001 01101 O+ A+ A+
11100 01001 11101 O+ A+ A+
11100 01010 01110 O+ B+ B+
11100 01010 11110 O+ B+ B+
11100 01011 01101 O+ AB+ A+
11100 01011 01110 O+ AB+ B+
11100 01011 11101 O+ AB+ A+
11100 01011 11110 O+ AB+ B+
11100 01100 01100 O+ O+ O+
11100 01100 11100 O+ O+ O+
11100 01101 01101 O+ A+ A+
11100 01101 01100 O+ A+ O+
11100 01101 11101 O+ A+ A+
11100 01101 11100 O+ A+ O+
11100 01110 01110 O+ B+ B+
11100 01110 01100 O+ B+ O+
11100 01110 11110 O+ B+ B+
11100 01110 11100 O+ B+ O+
11100 10001 11101 O+ A- A+
11100 10001 10101 O+ A- A-
11100 10010 11110 O+ B- B+
11100 10010 10110 O+ B- B-
11100 10011 11101 O+ AB- A+
11100 10011 11110 O+ AB- B+
11100 10011 10101 O+ AB- A-
11100 10011 10110 O+ AB- B-
11100 10100 11100 O+ O- O+
11100 10100 10100 O+ O- O-
11100 10101 11101 O+ A- A+
11100 10101 11100 O+ A- O+
11100 10101 10101 O+ A- A-
11100 10101 10100 O+ A- O-
11100 10110 11110 O+ B- B+
11100 10110 11100 O+ B- O+
11100 10110 10110 O+ B- B-
11100 10110 10100 O+ B- O-
11100 11001 01101 O+ A+ A+
11100 11001 11101 O+ A+ A+
11100 11001 11101 O+ A+ A+
11100 11001 10101 O+ A+ A-
11100 11010 01110 O+ B+ B+
11100 11010 11110 O+ B+ B+
11100 11010 11110 O+ B+ B+
11100 11010 10110 O+ B+ B-
11100 11011 01101 O+ AB+ A+
11100 11011 01110 O+ AB+ B+
11100 11011 11101 O+ AB+ A+
11100 11011 11110 O+ AB+ B+
11100 11011 11101 O+ AB+ A+
11100 11011 11110 O+ AB+ B+
11100 11011 10101 O+ AB+ A-
11100 11011 10110 O+ AB+ B-
11100 11100 01100 O+ O+ O+
11100 11100 11100 O+ O+ O+
11100 11100 11100 O+ O+ O+
11100 11100 10100 O+ O+ O-
11100 11101 01101 O+ A+ A+
11100 11101 01100 O+ A+ O+
11100 11101 11101 O+ A+ A+
11100 11101 11100 O+ A+ O+
11100 11101 11101 O+ A+ A+
11100 11101 11100 O+ A+ O+
11100 11101 10101 O+ A+ A-
11100 11101 10100 O+ A+ O-
11100 11110 01110 O+ B+ B+
11100 11110 01100 O+ B+ O+
11100 11110 11110 O+ B+ B+
11100 11110 11100 O+ B+ O+
11100 11110 11110 O+ B+ B+
11100 11110 11100 O+ B+ O+
11100 11110 10110 O+ B+ B-
11100 11110 10100 O+ B+ O-
11101 01001 01001 A+ A+ A+
11101 01001 01101 A+ A+ A+
11101 01001 11001 A+ A+ A+
11101 01001 11101 A+ A+ A+
11101 01010 01011 A+ B+ AB+
11101 01010 01110 A+ B+ B+
11101 01010 11011 A+ B+ AB+
11101 01010 11110 A+ B+ B+
11101 01011 01001 A+ AB+ A+
11101 01011 01011 A+ AB+ AB+
11101 01011 01101 A+ AB+ A+
11101 01011 01110 A+ AB+ B+
11101 01011 11001 A+ AB+ A+
11101 01011 11011 A+ AB+ AB+
11101 01011 11101 A+ AB+ A+
11101 01011 11110 A+ AB+ B+
11101 01100 01101 A+ O+ A+
11101 01100 01100 A+ O+ O+
11101 01100 11101 A+ O+ A+
11101 01100 11100 A+ O+ O+
11101 01101 01001 A+ A+ A+
11101 01101 01101 A+ A+ A+
11101 01101 01101 A+ A+ A+
11101 01101 01100 A+ A+ O+
11101 01101 11001 A+ A+ A+
11101 01101 11101 A+ A+ A+
11101 01101 11101 A+ A+ A+
11101 01101 11100 A+ A+ O+
11101 01110 01011 A+ B+ AB+
11101 01110 01101 A+ B+ A+
11101 01110 01110 A+ B+ B+
11101 01110 01100 A+ B+ O+
11101 01110 11011 A+ B+ AB+
11101 01110 11101 A+ B+ A+
11101 01110 11110 A+ B+ B+
11101 01110 11100 A+ B+ O+
11101 10001 11001 A+ A- A+
11101 10001 11101 A+ A- A+
11101 10001 10001 A+ A- A-
11101 10001 10101 A+ A- A-
11101 10010 11011 A+ B- AB+
11101 10010 11110 A+ B- B+
11101 10010 10011 A+ B- AB-
11101 10010 10110 A+ B- B-
11101 10011 11001 A+ AB- A+
11101 10011 11011 A+ AB- AB+
11101 10011 11101 A+ AB- A+
11101 10011 11110 A+ AB- B+
11101 10011 10001 A+ AB- A-
11101 10011 10011 A+ AB- AB-
11101 10011 10101 A+ AB- A-
11101 10011 10110 A+ AB- B-
11101 10100 11101 A+ O- A+
11101 10100 11100 A+ O- O+
11101 10100 10101 A+ O- A-
11101 10100 10100 A+ O- O-
11101 10101 11001 A+ A- A+
11101 10101 11101 A+ A- A+
11101 10101 11101 A+ A- A+
11101 10101 11100 A+ A- O+
11101 10101 10001 A+ A- A-
11101 10101 10101 A+ A- A-
11101 10101 10101 A+ A- A-
11101 10101 10100 A+ A- O-
11101 10110 11011 A+ B- AB+
11101 10110 11101 A+ B- A+
11101 10110 11110 A+ B- B+
11101 10110 11100 A+ B- O+
11101 10110 10011 A+ B- AB-
11101 10110 10101 A+ B- A-
11101 10110 10110 A+ B- B-
11101 10110 10100 A+ B- O-
11101 11001 01001 A+ A+ A+
11101 11001 11001 A+ A+ A+
11101 11001 01101 A+ A+ A+
11101 11001 11101 A+ A+ A+
11101 11001 11001 A+ A+ A+
11101 11001 10001 A+ A+ A-
11101 11001 11101 A+ A+ A+
11101 11001 10101 A+ A+ A-
11101 11010 01011 A+ B+ AB+
11101 11010 11011 A+ B+ AB+
11101 11010 01110 A+ B+ B+
11101 11010 11110 A+ B+ B+
11101 11010 11011 A+ B+ AB+
11101 11010 10011 A+ B+ AB-
11101 11010 11110 A+ B+ B+
11101 11010 10110 A+ B+ B-
11101 11011 01001 A+ AB+ A+
11101 11011 01011 A+ AB+ AB+
11101 11011 11001 A+ AB+ A+
11101 11011 11011 A+ AB+ AB+
11101 11011 01101 A+ AB+ A+
11101 11011 01110 A+ AB+ B+
11101 11011 11101 A+ AB+ A+
11101 11011 11110 A+ AB+ B+
11101 11011 11001 A+ AB+ A+
11101 11011 11011 A+ AB+ AB+
11101 11011 10001 A+ AB+ A-
11101 11011 10011 A+ AB+ AB-
11101 11011 11101 A+ AB+ A+
11101 11011 11110 A+ AB+ B+
11101 11011 10101 A+ AB+ A-
11101 11011 10110 A+ AB+ B-
11101 11100 01101 A+ O+ A+
11101 11100 11101 A+ O+ A+
11101 11100 01100 A+ O+ O+
11101 11100 11100 A+ O+ O+
11101 11100 11101 A+ O+ A+
11101 11100 10101 A+ O+ A-
11101 11100 11100 A+ O+ O+
11101 11100 10100 A+ O+ O-
11101 11101 01001 A+ A+ A+
11101 11101 01101 A+ A+ A+
11101 11101 11001 A+ A+ A+
11101 11101 11101 A+ A+ A+
11101 11101 01101 A+ A+ A+
11101 11101 01100 A+ A+ O+
11101 11101 11101 A+ A+ A+
11101 11101 11100 A+ A+ O+
11101 11101 11001 A+ A+ A+
11101 11101 11101 A+ A+ A+
11101 11101 10001 A+ A+ A-
11101 11101 10101 A+ A+ A-
11101 11101 11101 A+ A+ A+
11101 11101 11100 A+ A+ O+
11101 11101 10101 A+ A+ A-
11101 11101 10100 A+ A+ O-
11101 11110 01011 A+ B+ AB+
11101 11110 01101 A+ B+ A+
11101 11110 11011 A+ B+ AB+
11101 11110 11101 A+ B+ A+
11101 11110 01110 A+ B+ B+
11101 11110 01100 A+ B+ O+
11101 11110 11110 A+ B+ B+
11101 11110 11100 A+ B+ O+
11101 11110 11011 A+ B+ AB+
11101 11110 11101 A+ B+ A+
11101 11110 10011 A+ B+ AB-
11101 11110 10101 A+ B+ A-
11101 11110 11110 A+ B+ B+
11101 11110 11100 A+ B+ O+
11101 11110 10110 A+ B+ B-
11101 11110 10100 A+ B+ O-
11110 01001 01011 B+ A+ AB+
11110 01001 01101 B+ A+ A+
11110 01001 11011 B+ A+ AB+
11110 01001 11101 B+ A+ A+
11110 01010 01010 B+ B+ B+
11110 01010 01110 B+ B+ B+
11110 01010 11010 B+ B+ B+
11110 01010 11110 B+ B+ B+
11110 01011 01011 B+ AB+ AB+
11110 01011 01010 B+ AB+ B+
11110 01011 01101 B+ AB+ A+
11110 01011 01110 B+ AB+ B+
11110 01011 11011 B+ AB+ AB+
11110 01011 11010 B+ AB+ B+
11110 01011 11101 B+ AB+ A+
11110 01011 11110 B+ AB+ B+
11110 01100 01110 B+ O+ B+
11110 01100 01100 B+ O+ O+
11110 01100 11110 B+ O+ B+
11110 01100 11100 B+ O+ O+
11110 01101 01011 B+ A+ AB+
11110 01101 01110 B+ A+ B+
11110 01101 01101 B+ A+ A+
11110 01101 01100 B+ A+ O+
11110 01101 11011 B+ A+ AB+
11110 01101 11110 B+ A+ B+
11110 01101 11101 B+ A+ A+
11110 01101 11100 B+ A+ O+
11110 01110 01010 B+ B+ B+
11110 01110 01110 B+ B+ B+
11110 01110 01110 B+ B+ B+
11110 01110 01100 B+ B+ O+
11110 01110 11010 B+ B+ B+
11110 01110 11110 B+ B+ B+
11110 01110 11110 B+ B+ B+
11110 01110 11100 B+ B+ O+
11110 10001 11011 B+ A- AB+
11110 10001 11101 B+ A- A+
11110 10001 10011 B+ A- AB-
11110 10001 10101 B+ A- A-
11110 10010 11010 B+ B- B+
11110 10010 11110 B+ B- B+
11110 10010 10010 B+ B- B-
11110 10010 10110 B+ B- B-
11110 10011 11011 B+ AB- AB+
11110 10011 11010 B+ AB- B+
11110 10011 11101 B+ AB- A+
11110 10011 11110 B+ AB- B+
11110 10011 10011 B+ AB- AB-
11110 10011 10010 B+ AB- B-
11110 10011 10101 B+ AB- A-
11110 10011 10110 B+ AB- B-
11110 10100 11110 B+ O- B+
11110 10100 11100 B+ O- O+
11110 10100 10110 B+ O- B-
11110 10100 10100 B+ O- O-
11110 10101 11011 B+ A- AB+
11110 10101 11110 B+ A- B+
11110 10101 11101 B+ A- A+
11110 10101 11100 B+ A- O+
11110 10101 10011 B+ A- AB-
11110 10101 10110 B+ A- B-
11110 10101 10101 B+ A- A-
11110 10101 10100 B+ A- O-
11110 10110 11010 B+ B- B+
11110 10110 11110 B+ B- B+
11110 10110 11110 B+ B- B+
11110 10110 11100 B+ B- O+
11110 10110 10010 B+ B- B-
11110 10110 10110 B+ B- B-
11110 10110 10110 B+ B- B-
11110 10110 10100 B+ B- O-
11110 11001 01011 B+ A+ AB+
11110 11001 11011 B+ A+ AB+
11110 11001 01101 B+ A+ A+
11110 11001 11101 B+ A+ A+
11110 11001 11011 B+ A+ AB+
11110 11001 10011 B+ A+ AB-
11110 11001 11101 B+ A+ A+
11110 11001 10101 B+ A+ A-
11110 11010 01010 B+ B+ B+
11110 11010 11010 B+ B+ B+
11110 11010 01110 B+ B+ B+
11110 11010 11110 B+ B+ B+
11110 11010 11010 B+ B+ B+
11110 11010 10010 B+ B+ B-
11110 11010 11110 B+ B+ B+
11110 11010 10110 B+ B+ B-
11110 11011 01011 B+ AB+ AB+
11110 11011 01010 B+ AB+ B+
11110 11011 11011 B+ AB+ AB+
11110 11011 11010 B+ AB+ B+
11110 11011 01101 B+ AB+ A+
11110 11011 01110 B+ AB+ B+
11110 11011 11101 B+ AB+ A+
11110 11011 11110 B+ AB+ B+
11110 11011 11011 B+ AB+ AB+
11110 11011 11010 B+ AB+ B+
11110 11011 10011 B+ AB+ AB-
11110 11011 10010 B+ AB+ B-
11110 11011 11101 B+ AB+ A+
11110 11011 11110 B+ AB+ B+
11110 11011 10101 B+ AB+ A-
11110 11011 10110 B+ AB+ B-
11110 11100 01110 B+ O+ B+
11110 11100 11110 B+ O+ B+
11110 11100 01100 B+ O+ O+
11110 11100 11100 B+ O+ O+
11110 11100 11110 B+ O+ B+
11110 11100 10110 B+ O+ B-
11110 11100 11100 B+ O+ O+
11110 11100 10100 B+ O+ O-
11110 11101 01011 B+ A+ AB+
11110 11101 01110 B+ A+ B+
11110 11101 11011 B+ A+ AB+
11110 11101 11110 B+ A+ B+
11110 11101 01101 B+ A+ A+
11110 11101 01100 B+ A+ O+
11110 11101 11101 B+ A+ A+
11110 11101 11100 B+ A+ O+
11110 11101 11011 B+ A+ AB+
11110 11101 11110 B+ A+ B+
11110 11101 10011 B+ A+ AB-
11110 11101 10110 B+ A+ B-
11110 11101 11101 B+ A+ A+
11110 11101 11100 B+ A+ O+
11110 11101 10101 B+ A+ A-
11110 11101 10100 B+ A+ O-
11110 11110 01010 B+ B+ B+
11110 11110 01110 B+ B+ B+
11110 11110 11010 B+ B+ B+
11110 11110 11110 B+ B+ B+
11110 11110 01110 B+ B+ B+
11110 11110 01100 B+ B+ O+
11110 11110 11110 B+ B+ B+
11110 11110 11100 B+ B+ O+
11110 11110 11010 B+ B+ B+
11110 11110 11110 B+ B+ B+
11110 11110 10010 B+ B+ B-
11110 11110 10110 B+ B+ B-
11110 11110 11110 B+ B+ B+
11110 11110 11100 B+ B+ O+
11110 11110 10110 B+ B+ B-
11110 11110 10100 B+ B+ O-
0
Case 1: O+ O- {O+, O-}
Case 2: O+ {A+, A-, B+, B-, O+, O-} O-
Case 3: AB- AB+ {A+, A-, AB+, AB-, B+, B-}
Case 4: AB+ IMPOSSIBLE O+
