152
A+ A+ A+
A+ A+ A-
A+ A+ O+
A+ A+ O-
A+ A- A+
A+ A- O+
A+ AB+ A+
A+ AB+ A-
A+ AB+ AB+
A+ AB+ AB-
A+ AB- A+
A+ AB- AB+
A+ AB- B+
A+ B+ A+
A+ B+ A-
A+ B+ AB+
A+ B+ AB-
A+ B+ O+
A+ B+ O-
A+ B- A+
A+ B- AB+
A+ B- B+
A+ B- O+
A+ O+ A+
A+ O+ A-
A+ O- A+
A+ O- O+
A- A+ A-
A- A+ O-
A- A- A-
A- A- O-
A- AB+ A-
A- AB+ AB-
A- AB+ B-
A- AB- A-
A- AB- AB-
A- B+ A-
A- B+ AB-
A- B+ B-
A- B+ O-
A- B- A-
A- B- AB-
A- B- O-
A- O+ A-
A- O+ O-
A- O- A-
AB+ A+ B+
AB+ A+ B-
AB+ A- A+
AB+ A- AB+
AB+ A- B+
AB+ AB+ A+
AB+ AB+ A-
AB+ AB+ AB+
AB+ AB+ AB-
AB+ AB+ B+
AB+ AB+ B-
AB+ AB- A+
AB+ AB- AB+
AB+ AB- B+
AB+ B+ A+
AB+ B+ A-
AB+ B- A+
AB+ B- AB+
AB+ B- B+
AB+ O+ A+
AB+ O+ A-
AB+ O+ B+
AB+ O+ B-
AB+ O- A+
AB+ O- B+
AB- A+ A-
AB- A+ AB-
AB- A+ B-
AB- A- B-
AB- AB+ A-
AB- AB+ AB-
AB- AB+ B-
AB- AB- A-
AB- AB- AB-
AB- AB- B-
AB- B+ A-
AB- B+ AB-
AB- B+ B-
AB- B- A-
AB- O+ A-
AB- O+ B-
AB- O- A-
AB- O- B-
B+ A+ B+
B+ A+ B-
B+ A- A+
B+ A- AB+
B+ A- B+
B+ A- O+
B+ AB+ AB+
B+ AB+ AB-
B+ AB+ B+
B+ AB+ B-
B+ AB- A+
B+ AB- AB+
B+ AB- B+
B+ B+ B+
B+ B+ B-
B+ B+ O+
B+ B+ O-
B+ B- B+
B+ B- O+
B+ O+ B+
B+ O+ B-
B+ O- B+
B+ O- O+
B- A+ A-
B- A+ AB-
B- A+ B-
B- A+ O-
B- A- B-
B- AB+ A-
B- AB+ AB-
B- AB+ B-
B- AB- AB-
B- AB- B-
B- B+ B-
B- B+ O-
B- B- B-
B- B- O-
B- O+ B-
B- O+ O-
B- O- B-
O+ A+ O+
O+ A+ O-
O+ A- A+
O+ A- O+
O+ AB- A+
O+ AB- B+
O+ B+ O+
O+ B+ O-
O+ B- B+
O+ B- O+
O+ O+ O+
O+ O+ O-
O+ O- O+
O- A+ A-
O- A+ O-
O- A- O-
O- AB+ A-
O- AB+ B-
O- B+ B-
O- B+ O-
O- B- O-
O- O+ O-
O- O- O-
Case 1: O+ O- {O+, O-}
Case 2: O+ {A+, A-, B+, B-, O+, O-} O-
Case 3: AB- AB+ {A+, A-, AB+, AB-, B+, B-}
Case 4: AB+ IMPOSSIBLE O+
